[INFO  - 2016-03-21T00:36:27.885Z] GhostDriver - Main - running on port 49136
[INFO  - 2016-03-21T00:36:28.767Z] Session [f3694580-eefc-11e5-8203-6d848e5af51d] - page.settings - {"XSSAuditingEnabled":false,"javascriptCanCloseWindows":true,"javascriptCanOpenWindows":true,"javascriptEnabled":true,"loadImages":true,"localToRemoteUrlAccessEnabled":false,"userAgent":"Mozilla/5.0 (Unknown; Linux x86_64) AppleWebKit/538.1 (KHTML, like Gecko) PhantomJS/2.1.1 Safari/538.1","webSecurityEnabled":true}
[INFO  - 2016-03-21T00:36:28.767Z] Session [f3694580-eefc-11e5-8203-6d848e5af51d] - page.customHeaders:  - {}
[INFO  - 2016-03-21T00:36:28.767Z] Session [f3694580-eefc-11e5-8203-6d848e5af51d] - Session.negotiatedCapabilities - {"browserName":"phantomjs","version":"2.1.1","driverName":"ghostdriver","driverVersion":"1.2.0","platform":"linux-unknown-64bit","javascriptEnabled":true,"takesScreenshot":true,"handlesAlerts":false,"databaseEnabled":false,"locationContextEnabled":false,"applicationCacheEnabled":false,"browserConnectionEnabled":false,"cssSelectorsEnabled":true,"webStorageEnabled":false,"rotatable":false,"acceptSslCerts":false,"nativeEvents":true,"proxy":{"proxyType":"direct"}}
[INFO  - 2016-03-21T00:36:28.767Z] SessionManagerReqHand - _postNewSessionCommand - New Session Created: f3694580-eefc-11e5-8203-6d848e5af51d
[ERROR - 2016-03-21T00:37:13.539Z] WebElementLocator - _handleLocateCommand - Element(s) NOT Found: GAVE UP. Search Stop Time: 1458520633503

  phantomjs://platform/console++.js:263 in error
[ERROR - 2016-03-21T00:37:19.482Z] WebElementLocator - _handleLocateCommand - Element(s) NOT Found: GAVE UP. Search Stop Time: 1458520639442

  phantomjs://platform/console++.js:263 in error
[ERROR - 2016-03-21T00:41:19.774Z] WebElementLocator - _handleLocateCommand - Element(s) NOT Found: GAVE UP. Search Stop Time: 1458520879728

  phantomjs://platform/console++.js:263 in error
[ERROR - 2016-03-21T00:41:25.775Z] WebElementLocator - _handleLocateCommand - Element(s) NOT Found: GAVE UP. Search Stop Time: 1458520885757

  phantomjs://platform/console++.js:263 in error
[INFO  - 2016-03-21T00:41:27.884Z] SessionManagerReqHand - _cleanupWindowlessSessions - Asynchronous Sessions clean-up phase starting NOW
[ERROR - 2016-03-21T00:41:33.298Z] WebElementLocator - _handleLocateCommand - Element(s) NOT Found: GAVE UP. Search Stop Time: 1458520893260

  phantomjs://platform/console++.js:263 in error
[ERROR - 2016-03-21T00:41:42.575Z] WebElementLocator - _handleLocateCommand - Element(s) NOT Found: GAVE UP. Search Stop Time: 1458520902528

  phantomjs://platform/console++.js:263 in error
[ERROR - 2016-03-21T00:42:38.335Z] WebElementLocator - _handleLocateCommand - Element(s) NOT Found: GAVE UP. Search Stop Time: 1458520958290

  phantomjs://platform/console++.js:263 in error
